====================================================
  KIWID: Kiwi Cloud Daemon Server
====================================================

2026/07/06 14:45:12 [32m/Users/karn/go/pkg/mod/github.com/glebarez/sqlite@v1.11.0/migrator.go:32
[0m[33m[0.389ms] [34;1m[rows:-][0m SELECT count(*) FROM sqlite_master WHERE type='table' AND name="task_states"

2026/07/06 14:45:12 [32m/Users/karn/Desktop/workspace/steelwing/pkg/orchestrator/db.go:21
[0m[33m[0.834ms] [34;1m[rows:0][0m CREATE TABLE `task_states` (`id` text,`task` text,`file_path` text,`test_cmd` text,`status` text,`logs` text,`created_at` datetime,`sandbox_path` text,`cost` real,PRIMARY KEY (`id`))
[Server] Kiwi daemon listening on :8080

2026/07/06 14:45:18 [32m/Users/karn/Desktop/workspace/steelwing/pkg/orchestrator/server.go:183
[0m[33m[0.677ms] [34;1m[rows:1][0m INSERT INTO `task_states` (`id`,`task`,`file_path`,`test_cmd`,`status`,`logs`,`created_at`,`sandbox_path`,`cost`) VALUES ("25d1d385","Fix division by zero in Divide()","demo_project/math_utils.go","go test ./demo_project/...","RUNNING","","2026-07-06 14:45:18.235","/var/folders/y_/kb7r59md1yb480xkhkvvp1xh0000gp/T/kiwi-server-sandbox-4050717635",0.05)

2026/07/06 14:45:18 [32m/Users/karn/Desktop/workspace/steelwing/pkg/orchestrator/server.go:195
[0m[33m[0.751ms] [34;1m[rows:1][0m UPDATE `task_states` SET `status`="PAUSED" WHERE id = "25d1d385"

2026/07/06 14:45:18 [32m/Users/karn/Desktop/workspace/steelwing/pkg/orchestrator/server.go:214
[0m[33m[3.357ms] [34;1m[rows:1][0m UPDATE `task_states` SET `logs`="[Orchestrator] Spawned cloud sandbox at: /var/folders/y_/kb7r59md1yb480xkhkvvp1xh0000gp/T/kiwi-server-sandbox-4050717635
[Orchestrator] Desired State: Fix division by zero in Divide()
[Orchestrator] Running initial test command: go test ./demo_project/...
[Orchestrator] Reverse tunnel disconnected. Pausing execution... (waiting for client to reconnect)
" WHERE id = "25d1d385"

2026/07/06 14:45:19 [32m/Users/karn/Desktop/workspace/steelwing/pkg/orchestrator/server.go:214
[0m[33m[0.351ms] [34;1m[rows:1][0m UPDATE `task_states` SET `logs`="[Orchestrator] Spawned cloud sandbox at: /var/folders/y_/kb7r59md1yb480xkhkvvp1xh0000gp/T/kiwi-server-sandbox-4050717635
[Orchestrator] Desired State: Fix division by zero in Divide()
[Orchestrator] Running initial test command: go test ./demo_project/...
[Orchestrator] Reverse tunnel disconnected. Pausing execution... (waiting for client to reconnect)
" WHERE id = "25d1d385"

2026/07/06 14:45:19 [32m/Users/karn/Desktop/workspace/steelwing/pkg/orchestrator/server.go:195
[0m[33m[1.659ms] [34;1m[rows:1][0m UPDATE `task_states` SET `status`="RUNNING" WHERE id = "25d1d385"

2026/07/06 14:45:19 [32m/Users/karn/Desktop/workspace/steelwing/pkg/orchestrator/server.go:214
[0m[33m[0.411ms] [34;1m[rows:1][0m UPDATE `task_states` SET `logs`="[Orchestrator] Spawned cloud sandbox at: /var/folders/y_/kb7r59md1yb480xkhkvvp1xh0000gp/T/kiwi-server-sandbox-4050717635
[Orchestrator] Desired State: Fix division by zero in Divide()
[Orchestrator] Running initial test command: go test ./demo_project/...
[Orchestrator] Reverse tunnel disconnected. Pausing execution... (waiting for client to reconnect)
" WHERE id = "25d1d385"

2026/07/06 14:45:20 [32m/Users/karn/Desktop/workspace/steelwing/pkg/orchestrator/server.go:214
[0m[33m[0.596ms] [34;1m[rows:1][0m UPDATE `task_states` SET `logs`="[Orchestrator] Spawned cloud sandbox at: /var/folders/y_/kb7r59md1yb480xkhkvvp1xh0000gp/T/kiwi-server-sandbox-4050717635
[Orchestrator] Desired State: Fix division by zero in Divide()
[Orchestrator] Running initial test command: go test ./demo_project/...
[Orchestrator] Reverse tunnel disconnected. Pausing execution... (waiting for client to reconnect)
" WHERE id = "25d1d385"

2026/07/06 14:45:20 [32m/Users/karn/Desktop/workspace/steelwing/pkg/orchestrator/server.go:265
[0m[33m[0.377ms] [34;1m[rows:1][0m SELECT * FROM `task_states` WHERE id = "25d1d385" ORDER BY `task_states`.`id` LIMIT 1

2026/07/06 14:45:20 [32m/Users/karn/Desktop/workspace/steelwing/pkg/orchestrator/server.go:214
[0m[33m[0.424ms] [34;1m[rows:1][0m UPDATE `task_states` SET `logs`="[Orchestrator] Spawned cloud sandbox at: /var/folders/y_/kb7r59md1yb480xkhkvvp1xh0000gp/T/kiwi-server-sandbox-4050717635
[Orchestrator] Desired State: Fix division by zero in Divide()
[Orchestrator] Running initial test command: go test ./demo_project/...
[Orchestrator] Reverse tunnel disconnected. Pausing execution... (waiting for client to reconnect)
" WHERE id = "25d1d385"

2026/07/06 14:45:21 [32m/Users/karn/Desktop/workspace/steelwing/pkg/orchestrator/server.go:214
[0m[33m[0.222ms] [34;1m[rows:1][0m UPDATE `task_states` SET `logs`="[Orchestrator] Spawned cloud sandbox at: /var/folders/y_/kb7r59md1yb480xkhkvvp1xh0000gp/T/kiwi-server-sandbox-4050717635
[Orchestrator] Desired State: Fix division by zero in Divide()
[Orchestrator] Running initial test command: go test ./demo_project/...
[Orchestrator] Reverse tunnel disconnected. Pausing execution... (waiting for client to reconnect)
" WHERE id = "25d1d385"

2026/07/06 14:45:21 [32m/Users/karn/Desktop/workspace/steelwing/pkg/orchestrator/server.go:265
[0m[33m[0.096ms] [34;1m[rows:1][0m SELECT * FROM `task_states` WHERE id = "25d1d385" ORDER BY `task_states`.`id` LIMIT 1

2026/07/06 14:45:21 [32m/Users/karn/Desktop/workspace/steelwing/pkg/orchestrator/server.go:214
[0m[33m[0.423ms] [34;1m[rows:1][0m UPDATE `task_states` SET `logs`="[Orchestrator] Spawned cloud sandbox at: /var/folders/y_/kb7r59md1yb480xkhkvvp1xh0000gp/T/kiwi-server-sandbox-4050717635
[Orchestrator] Desired State: Fix division by zero in Divide()
[Orchestrator] Running initial test command: go test ./demo_project/...
[Orchestrator] Reverse tunnel disconnected. Pausing execution... (waiting for client to reconnect)
" WHERE id = "25d1d385"

2026/07/06 14:45:22 [32m/Users/karn/Desktop/workspace/steelwing/pkg/orchestrator/server.go:214
[0m[33m[0.315ms] [34;1m[rows:1][0m UPDATE `task_states` SET `logs`="[Orchestrator] Spawned cloud sandbox at: /var/folders/y_/kb7r59md1yb480xkhkvvp1xh0000gp/T/kiwi-server-sandbox-4050717635
[Orchestrator] Desired State: Fix division by zero in Divide()
[Orchestrator] Running initial test command: go test ./demo_project/...
[Orchestrator] Reverse tunnel disconnected. Pausing execution... (waiting for client to reconnect)
" WHERE id = "25d1d385"

2026/07/06 14:45:22 [32m/Users/karn/Desktop/workspace/steelwing/pkg/orchestrator/server.go:265
[0m[33m[0.207ms] [34;1m[rows:1][0m SELECT * FROM `task_states` WHERE id = "25d1d385" ORDER BY `task_states`.`id` LIMIT 1

2026/07/06 14:45:22 [32m/Users/karn/Desktop/workspace/steelwing/pkg/orchestrator/server.go:214
[0m[33m[0.329ms] [34;1m[rows:1][0m UPDATE `task_states` SET `logs`="[Orchestrator] Spawned cloud sandbox at: /var/folders/y_/kb7r59md1yb480xkhkvvp1xh0000gp/T/kiwi-server-sandbox-4050717635
[Orchestrator] Desired State: Fix division by zero in Divide()
[Orchestrator] Running initial test command: go test ./demo_project/...
[Orchestrator] Reverse tunnel disconnected. Pausing execution... (waiting for client to reconnect)
" WHERE id = "25d1d385"

2026/07/06 14:45:23 [32m/Users/karn/Desktop/workspace/steelwing/pkg/orchestrator/server.go:198
[0m[33m[0.923ms] [34;1m[rows:1][0m UPDATE `task_states` SET `cost`=cost + 0.02 WHERE id = "25d1d385"

2026/07/06 14:45:23 [32m/Users/karn/Desktop/workspace/steelwing/pkg/orchestrator/server.go:214
[0m[33m[1.097ms] [34;1m[rows:1][0m UPDATE `task_states` SET `logs`="[Orchestrator] Spawned cloud sandbox at: /var/folders/y_/kb7r59md1yb480xkhkvvp1xh0000gp/T/kiwi-server-sandbox-4050717635
[Orchestrator] Desired State: Fix division by zero in Divide()
[Orchestrator] Running initial test command: go test ./demo_project/...
[Orchestrator] Reverse tunnel disconnected. Pausing execution... (waiting for client to reconnect)
[Orchestrator] Tests failed. Entering correction loop...
[Sandbox Output]:
--- FAIL: TestDivide (0.00s)
panic: runtime error: integer divide by zero [recovered]
	panic: runtime error: integer divide by zero

goroutine 19 [running]:
testing.tRunner.func1.2({0x1247c0, 0x233790})
	/usr/local/go/src/testing/testing.go:1545 +0x1c4
testing.tRunner.func1()
	/usr/local/go/src/testing/testing.go:1548 +0x360
panic({0x1247c0?, 0x233790?})
	/usr/local/go/src/runtime/panic.go:914 +0x218
github.com/ibreakthecloud/kiwi/demo_project.Divide(...)
	/workspace/demo_project/math_utils.go:5
github.com/ibreakthecloud/kiwi/demo_project.TestDivide(0x0?)
	/workspace/demo_project/math_utils_test.go:16 +0x20
testing.tRunner(0x4000082820, 0x14f2e8)
	/usr/local/go/src/testing/testing.go:1595 +0xe8
created by testing.(*T).Run in goroutine 1
	/usr/local/go/src/testing/testing.go:1648 +0x33c
FAIL	github.com/ibreakthecloud/kiwi/demo_project	0.005s
FAIL


=== Loop Iteration 1 / 5 ===
[Actor] Simulating edit proposal...
" WHERE id = "25d1d385"

2026/07/06 14:45:23 [32m/Users/karn/Desktop/workspace/steelwing/pkg/orchestrator/server.go:265
[0m[33m[0.129ms] [34;1m[rows:1][0m SELECT * FROM `task_states` WHERE id = "25d1d385" ORDER BY `task_states`.`id` LIMIT 1

2026/07/06 14:45:23 [32m/Users/karn/Desktop/workspace/steelwing/pkg/orchestrator/server.go:214
[0m[33m[0.918ms] [34;1m[rows:1][0m UPDATE `task_states` SET `logs`="[Orchestrator] Spawned cloud sandbox at: /var/folders/y_/kb7r59md1yb480xkhkvvp1xh0000gp/T/kiwi-server-sandbox-4050717635
[Orchestrator] Desired State: Fix division by zero in Divide()
[Orchestrator] Running initial test command: go test ./demo_project/...
[Orchestrator] Reverse tunnel disconnected. Pausing execution... (waiting for client to reconnect)
[Orchestrator] Tests failed. Entering correction loop...
[Sandbox Output]:
--- FAIL: TestDivide (0.00s)
panic: runtime error: integer divide by zero [recovered]
	panic: runtime error: integer divide by zero

goroutine 19 [running]:
testing.tRunner.func1.2({0x1247c0, 0x233790})
	/usr/local/go/src/testing/testing.go:1545 +0x1c4
testing.tRunner.func1()
	/usr/local/go/src/testing/testing.go:1548 +0x360
panic({0x1247c0?, 0x233790?})
	/usr/local/go/src/runtime/panic.go:914 +0x218
github.com/ibreakthecloud/kiwi/demo_project.Divide(...)
	/workspace/demo_project/math_utils.go:5
github.com/ibreakthecloud/kiwi/demo_project.TestDivide(0x0?)
	/workspace/demo_project/math_utils_test.go:16 +0x20
testing.tRunner(0x4000082820, 0x14f2e8)
	/usr/local/go/src/testing/testing.go:1595 +0xe8
created by testing.(*T).Run in goroutine 1
	/usr/local/go/src/testing/testing.go:1648 +0x33c
FAIL	github.com/ibreakthecloud/kiwi/demo_project	0.005s
FAIL


=== Loop Iteration 1 / 5 ===
[Actor] Simulating edit proposal...
" WHERE id = "25d1d385"

2026/07/06 14:45:24 [32m/Users/karn/Desktop/workspace/steelwing/pkg/orchestrator/server.go:214
[0m[33m[0.707ms] [34;1m[rows:1][0m UPDATE `task_states` SET `logs`="[Orchestrator] Spawned cloud sandbox at: /var/folders/y_/kb7r59md1yb480xkhkvvp1xh0000gp/T/kiwi-server-sandbox-4050717635
[Orchestrator] Desired State: Fix division by zero in Divide()
[Orchestrator] Running initial test command: go test ./demo_project/...
[Orchestrator] Reverse tunnel disconnected. Pausing execution... (waiting for client to reconnect)
[Orchestrator] Tests failed. Entering correction loop...
[Sandbox Output]:
--- FAIL: TestDivide (0.00s)
panic: runtime error: integer divide by zero [recovered]
	panic: runtime error: integer divide by zero

goroutine 19 [running]:
testing.tRunner.func1.2({0x1247c0, 0x233790})
	/usr/local/go/src/testing/testing.go:1545 +0x1c4
testing.tRunner.func1()
	/usr/local/go/src/testing/testing.go:1548 +0x360
panic({0x1247c0?, 0x233790?})
	/usr/local/go/src/runtime/panic.go:914 +0x218
github.com/ibreakthecloud/kiwi/demo_project.Divide(...)
	/workspace/demo_project/math_utils.go:5
github.com/ibreakthecloud/kiwi/demo_project.TestDivide(0x0?)
	/workspace/demo_project/math_utils_test.go:16 +0x20
testing.tRunner(0x4000082820, 0x14f2e8)
	/usr/local/go/src/testing/testing.go:1595 +0xe8
created by testing.(*T).Run in goroutine 1
	/usr/local/go/src/testing/testing.go:1648 +0x33c
FAIL	github.com/ibreakthecloud/kiwi/demo_project	0.005s
FAIL


=== Loop Iteration 1 / 5 ===
[Actor] Simulating edit proposal...
" WHERE id = "25d1d385"

2026/07/06 14:45:24 [32m/Users/karn/Desktop/workspace/steelwing/pkg/orchestrator/server.go:265
[0m[33m[0.396ms] [34;1m[rows:1][0m SELECT * FROM `task_states` WHERE id = "25d1d385" ORDER BY `task_states`.`id` LIMIT 1

2026/07/06 14:45:24 [32m/Users/karn/Desktop/workspace/steelwing/pkg/orchestrator/server.go:214
[0m[33m[0.879ms] [34;1m[rows:1][0m UPDATE `task_states` SET `logs`="[Orchestrator] Spawned cloud sandbox at: /var/folders/y_/kb7r59md1yb480xkhkvvp1xh0000gp/T/kiwi-server-sandbox-4050717635
[Orchestrator] Desired State: Fix division by zero in Divide()
[Orchestrator] Running initial test command: go test ./demo_project/...
[Orchestrator] Reverse tunnel disconnected. Pausing execution... (waiting for client to reconnect)
[Orchestrator] Tests failed. Entering correction loop...
[Sandbox Output]:
--- FAIL: TestDivide (0.00s)
panic: runtime error: integer divide by zero [recovered]
	panic: runtime error: integer divide by zero

goroutine 19 [running]:
testing.tRunner.func1.2({0x1247c0, 0x233790})
	/usr/local/go/src/testing/testing.go:1545 +0x1c4
testing.tRunner.func1()
	/usr/local/go/src/testing/testing.go:1548 +0x360
panic({0x1247c0?, 0x233790?})
	/usr/local/go/src/runtime/panic.go:914 +0x218
github.com/ibreakthecloud/kiwi/demo_project.Divide(...)
	/workspace/demo_project/math_utils.go:5
github.com/ibreakthecloud/kiwi/demo_project.TestDivide(0x0?)
	/workspace/demo_project/math_utils_test.go:16 +0x20
testing.tRunner(0x4000082820, 0x14f2e8)
	/usr/local/go/src/testing/testing.go:1595 +0xe8
created by testing.(*T).Run in goroutine 1
	/usr/local/go/src/testing/testing.go:1648 +0x33c
FAIL	github.com/ibreakthecloud/kiwi/demo_project	0.005s
FAIL


=== Loop Iteration 1 / 5 ===
[Actor] Simulating edit proposal...
" WHERE id = "25d1d385"

2026/07/06 14:45:25 [32m/Users/karn/Desktop/workspace/steelwing/pkg/orchestrator/server.go:214
[0m[33m[0.683ms] [34;1m[rows:1][0m UPDATE `task_states` SET `logs`="[Orchestrator] Spawned cloud sandbox at: /var/folders/y_/kb7r59md1yb480xkhkvvp1xh0000gp/T/kiwi-server-sandbox-4050717635
[Orchestrator] Desired State: Fix division by zero in Divide()
[Orchestrator] Running initial test command: go test ./demo_project/...
[Orchestrator] Reverse tunnel disconnected. Pausing execution... (waiting for client to reconnect)
[Orchestrator] Tests failed. Entering correction loop...
[Sandbox Output]:
--- FAIL: TestDivide (0.00s)
panic: runtime error: integer divide by zero [recovered]
	panic: runtime error: integer divide by zero

goroutine 19 [running]:
testing.tRunner.func1.2({0x1247c0, 0x233790})
	/usr/local/go/src/testing/testing.go:1545 +0x1c4
testing.tRunner.func1()
	/usr/local/go/src/testing/testing.go:1548 +0x360
panic({0x1247c0?, 0x233790?})
	/usr/local/go/src/runtime/panic.go:914 +0x218
github.com/ibreakthecloud/kiwi/demo_project.Divide(...)
	/workspace/demo_project/math_utils.go:5
github.com/ibreakthecloud/kiwi/demo_project.TestDivide(0x0?)
	/workspace/demo_project/math_utils_test.go:16 +0x20
testing.tRunner(0x4000082820, 0x14f2e8)
	/usr/local/go/src/testing/testing.go:1595 +0xe8
created by testing.(*T).Run in goroutine 1
	/usr/local/go/src/testing/testing.go:1648 +0x33c
FAIL	github.com/ibreakthecloud/kiwi/demo_project	0.005s
FAIL


=== Loop Iteration 1 / 5 ===
[Actor] Simulating edit proposal...
" WHERE id = "25d1d385"

2026/07/06 14:45:25 [32m/Users/karn/Desktop/workspace/steelwing/pkg/orchestrator/server.go:265
[0m[33m[0.419ms] [34;1m[rows:1][0m SELECT * FROM `task_states` WHERE id = "25d1d385" ORDER BY `task_states`.`id` LIMIT 1

2026/07/06 14:45:25 [32m/Users/karn/Desktop/workspace/steelwing/pkg/orchestrator/server.go:214
[0m[33m[0.757ms] [34;1m[rows:1][0m UPDATE `task_states` SET `logs`="[Orchestrator] Spawned cloud sandbox at: /var/folders/y_/kb7r59md1yb480xkhkvvp1xh0000gp/T/kiwi-server-sandbox-4050717635
[Orchestrator] Desired State: Fix division by zero in Divide()
[Orchestrator] Running initial test command: go test ./demo_project/...
[Orchestrator] Reverse tunnel disconnected. Pausing execution... (waiting for client to reconnect)
[Orchestrator] Tests failed. Entering correction loop...
[Sandbox Output]:
--- FAIL: TestDivide (0.00s)
panic: runtime error: integer divide by zero [recovered]
	panic: runtime error: integer divide by zero

goroutine 19 [running]:
testing.tRunner.func1.2({0x1247c0, 0x233790})
	/usr/local/go/src/testing/testing.go:1545 +0x1c4
testing.tRunner.func1()
	/usr/local/go/src/testing/testing.go:1548 +0x360
panic({0x1247c0?, 0x233790?})
	/usr/local/go/src/runtime/panic.go:914 +0x218
github.com/ibreakthecloud/kiwi/demo_project.Divide(...)
	/workspace/demo_project/math_utils.go:5
github.com/ibreakthecloud/kiwi/demo_project.TestDivide(0x0?)
	/workspace/demo_project/math_utils_test.go:16 +0x20
testing.tRunner(0x4000082820, 0x14f2e8)
	/usr/local/go/src/testing/testing.go:1595 +0xe8
created by testing.(*T).Run in goroutine 1
	/usr/local/go/src/testing/testing.go:1648 +0x33c
FAIL	github.com/ibreakthecloud/kiwi/demo_project	0.005s
FAIL


=== Loop Iteration 1 / 5 ===
[Actor] Simulating edit proposal...
" WHERE id = "25d1d385"

2026/07/06 14:45:26 [32m/Users/karn/Desktop/workspace/steelwing/pkg/orchestrator/server.go:195
[0m[33m[0.677ms] [34;1m[rows:1][0m UPDATE `task_states` SET `status`="RUNNING" WHERE id = "25d1d385"

2026/07/06 14:45:26 [32m/Users/karn/Desktop/workspace/steelwing/pkg/orchestrator/server.go:214
[0m[33m[1.242ms] [34;1m[rows:1][0m UPDATE `task_states` SET `logs`="[Orchestrator] Spawned cloud sandbox at: /var/folders/y_/kb7r59md1yb480xkhkvvp1xh0000gp/T/kiwi-server-sandbox-4050717635
[Orchestrator] Desired State: Fix division by zero in Divide()
[Orchestrator] Running initial test command: go test ./demo_project/...
[Orchestrator] Reverse tunnel disconnected. Pausing execution... (waiting for client to reconnect)
[Orchestrator] Tests failed. Entering correction loop...
[Sandbox Output]:
--- FAIL: TestDivide (0.00s)
panic: runtime error: integer divide by zero [recovered]
	panic: runtime error: integer divide by zero

goroutine 19 [running]:
testing.tRunner.func1.2({0x1247c0, 0x233790})
	/usr/local/go/src/testing/testing.go:1545 +0x1c4
testing.tRunner.func1()
	/usr/local/go/src/testing/testing.go:1548 +0x360
panic({0x1247c0?, 0x233790?})
	/usr/local/go/src/runtime/panic.go:914 +0x218
github.com/ibreakthecloud/kiwi/demo_project.Divide(...)
	/workspace/demo_project/math_utils.go:5
github.com/ibreakthecloud/kiwi/demo_project.TestDivide(0x0?)
	/workspace/demo_project/math_utils_test.go:16 +0x20
testing.tRunner(0x4000082820, 0x14f2e8)
	/usr/local/go/src/testing/testing.go:1595 +0xe8
created by testing.(*T).Run in goroutine 1
	/usr/local/go/src/testing/testing.go:1648 +0x33c
FAIL	github.com/ibreakthecloud/kiwi/demo_project	0.005s
FAIL


=== Loop Iteration 1 / 5 ===
[Actor] Simulating edit proposal...
[Actor] Applied proposed code edits to target file.
[Sandbox] Re-running build/tests...
" WHERE id = "25d1d385"

2026/07/06 14:45:26 [32m/Users/karn/Desktop/workspace/steelwing/pkg/orchestrator/server.go:265
[0m[33m[0.162ms] [34;1m[rows:1][0m SELECT * FROM `task_states` WHERE id = "25d1d385" ORDER BY `task_states`.`id` LIMIT 1

2026/07/06 14:45:26 [32m/Users/karn/Desktop/workspace/steelwing/pkg/orchestrator/server.go:214
[0m[33m[0.577ms] [34;1m[rows:1][0m UPDATE `task_states` SET `logs`="[Orchestrator] Spawned cloud sandbox at: /var/folders/y_/kb7r59md1yb480xkhkvvp1xh0000gp/T/kiwi-server-sandbox-4050717635
[Orchestrator] Desired State: Fix division by zero in Divide()
[Orchestrator] Running initial test command: go test ./demo_project/...
[Orchestrator] Reverse tunnel disconnected. Pausing execution... (waiting for client to reconnect)
[Orchestrator] Tests failed. Entering correction loop...
[Sandbox Output]:
--- FAIL: TestDivide (0.00s)
panic: runtime error: integer divide by zero [recovered]
	panic: runtime error: integer divide by zero

goroutine 19 [running]:
testing.tRunner.func1.2({0x1247c0, 0x233790})
	/usr/local/go/src/testing/testing.go:1545 +0x1c4
testing.tRunner.func1()
	/usr/local/go/src/testing/testing.go:1548 +0x360
panic({0x1247c0?, 0x233790?})
	/usr/local/go/src/runtime/panic.go:914 +0x218
github.com/ibreakthecloud/kiwi/demo_project.Divide(...)
	/workspace/demo_project/math_utils.go:5
github.com/ibreakthecloud/kiwi/demo_project.TestDivide(0x0?)
	/workspace/demo_project/math_utils_test.go:16 +0x20
testing.tRunner(0x4000082820, 0x14f2e8)
	/usr/local/go/src/testing/testing.go:1595 +0xe8
created by testing.(*T).Run in goroutine 1
	/usr/local/go/src/testing/testing.go:1648 +0x33c
FAIL	github.com/ibreakthecloud/kiwi/demo_project	0.005s
FAIL


=== Loop Iteration 1 / 5 ===
[Actor] Simulating edit proposal...
[Actor] Applied proposed code edits to target file.
[Sandbox] Re-running build/tests...
" WHERE id = "25d1d385"

2026/07/06 14:45:27 [32m/Users/karn/Desktop/workspace/steelwing/pkg/orchestrator/server.go:214
[0m[33m[0.437ms] [34;1m[rows:1][0m UPDATE `task_states` SET `logs`="[Orchestrator] Spawned cloud sandbox at: /var/folders/y_/kb7r59md1yb480xkhkvvp1xh0000gp/T/kiwi-server-sandbox-4050717635
[Orchestrator] Desired State: Fix division by zero in Divide()
[Orchestrator] Running initial test command: go test ./demo_project/...
[Orchestrator] Reverse tunnel disconnected. Pausing execution... (waiting for client to reconnect)
[Orchestrator] Tests failed. Entering correction loop...
[Sandbox Output]:
--- FAIL: TestDivide (0.00s)
panic: runtime error: integer divide by zero [recovered]
	panic: runtime error: integer divide by zero

goroutine 19 [running]:
testing.tRunner.func1.2({0x1247c0, 0x233790})
	/usr/local/go/src/testing/testing.go:1545 +0x1c4
testing.tRunner.func1()
	/usr/local/go/src/testing/testing.go:1548 +0x360
panic({0x1247c0?, 0x233790?})
	/usr/local/go/src/runtime/panic.go:914 +0x218
github.com/ibreakthecloud/kiwi/demo_project.Divide(...)
	/workspace/demo_project/math_utils.go:5
github.com/ibreakthecloud/kiwi/demo_project.TestDivide(0x0?)
	/workspace/demo_project/math_utils_test.go:16 +0x20
testing.tRunner(0x4000082820, 0x14f2e8)
	/usr/local/go/src/testing/testing.go:1595 +0xe8
created by testing.(*T).Run in goroutine 1
	/usr/local/go/src/testing/testing.go:1648 +0x33c
FAIL	github.com/ibreakthecloud/kiwi/demo_project	0.005s
FAIL


=== Loop Iteration 1 / 5 ===
[Actor] Simulating edit proposal...
[Actor] Applied proposed code edits to target file.
[Sandbox] Re-running build/tests...
" WHERE id = "25d1d385"

2026/07/06 14:45:27 [32m/Users/karn/Desktop/workspace/steelwing/pkg/orchestrator/server.go:265
[0m[33m[0.265ms] [34;1m[rows:1][0m SELECT * FROM `task_states` WHERE id = "25d1d385" ORDER BY `task_states`.`id` LIMIT 1

2026/07/06 14:45:27 [32m/Users/karn/Desktop/workspace/steelwing/pkg/orchestrator/server.go:214
[0m[33m[0.205ms] [34;1m[rows:1][0m UPDATE `task_states` SET `logs`="[Orchestrator] Spawned cloud sandbox at: /var/folders/y_/kb7r59md1yb480xkhkvvp1xh0000gp/T/kiwi-server-sandbox-4050717635
[Orchestrator] Desired State: Fix division by zero in Divide()
[Orchestrator] Running initial test command: go test ./demo_project/...
[Orchestrator] Reverse tunnel disconnected. Pausing execution... (waiting for client to reconnect)
[Orchestrator] Tests failed. Entering correction loop...
[Sandbox Output]:
--- FAIL: TestDivide (0.00s)
panic: runtime error: integer divide by zero [recovered]
	panic: runtime error: integer divide by zero

goroutine 19 [running]:
testing.tRunner.func1.2({0x1247c0, 0x233790})
	/usr/local/go/src/testing/testing.go:1545 +0x1c4
testing.tRunner.func1()
	/usr/local/go/src/testing/testing.go:1548 +0x360
panic({0x1247c0?, 0x233790?})
	/usr/local/go/src/runtime/panic.go:914 +0x218
github.com/ibreakthecloud/kiwi/demo_project.Divide(...)
	/workspace/demo_project/math_utils.go:5
github.com/ibreakthecloud/kiwi/demo_project.TestDivide(0x0?)
	/workspace/demo_project/math_utils_test.go:16 +0x20
testing.tRunner(0x4000082820, 0x14f2e8)
	/usr/local/go/src/testing/testing.go:1595 +0xe8
created by testing.(*T).Run in goroutine 1
	/usr/local/go/src/testing/testing.go:1648 +0x33c
FAIL	github.com/ibreakthecloud/kiwi/demo_project	0.005s
FAIL


=== Loop Iteration 1 / 5 ===
[Actor] Simulating edit proposal...
[Actor] Applied proposed code edits to target file.
[Sandbox] Re-running build/tests...
" WHERE id = "25d1d385"

2026/07/06 14:45:28 [32m/Users/karn/Desktop/workspace/steelwing/pkg/orchestrator/server.go:214
[0m[33m[0.311ms] [34;1m[rows:1][0m UPDATE `task_states` SET `logs`="[Orchestrator] Spawned cloud sandbox at: /var/folders/y_/kb7r59md1yb480xkhkvvp1xh0000gp/T/kiwi-server-sandbox-4050717635
[Orchestrator] Desired State: Fix division by zero in Divide()
[Orchestrator] Running initial test command: go test ./demo_project/...
[Orchestrator] Reverse tunnel disconnected. Pausing execution... (waiting for client to reconnect)
[Orchestrator] Tests failed. Entering correction loop...
[Sandbox Output]:
--- FAIL: TestDivide (0.00s)
panic: runtime error: integer divide by zero [recovered]
	panic: runtime error: integer divide by zero

goroutine 19 [running]:
testing.tRunner.func1.2({0x1247c0, 0x233790})
	/usr/local/go/src/testing/testing.go:1545 +0x1c4
testing.tRunner.func1()
	/usr/local/go/src/testing/testing.go:1548 +0x360
panic({0x1247c0?, 0x233790?})
	/usr/local/go/src/runtime/panic.go:914 +0x218
github.com/ibreakthecloud/kiwi/demo_project.Divide(...)
	/workspace/demo_project/math_utils.go:5
github.com/ibreakthecloud/kiwi/demo_project.TestDivide(0x0?)
	/workspace/demo_project/math_utils_test.go:16 +0x20
testing.tRunner(0x4000082820, 0x14f2e8)
	/usr/local/go/src/testing/testing.go:1595 +0xe8
created by testing.(*T).Run in goroutine 1
	/usr/local/go/src/testing/testing.go:1648 +0x33c
FAIL	github.com/ibreakthecloud/kiwi/demo_project	0.005s
FAIL


=== Loop Iteration 1 / 5 ===
[Actor] Simulating edit proposal...
[Actor] Applied proposed code edits to target file.
[Sandbox] Re-running build/tests...
" WHERE id = "25d1d385"

2026/07/06 14:45:28 [32m/Users/karn/Desktop/workspace/steelwing/pkg/orchestrator/server.go:265
[0m[33m[0.200ms] [34;1m[rows:1][0m SELECT * FROM `task_states` WHERE id = "25d1d385" ORDER BY `task_states`.`id` LIMIT 1

2026/07/06 14:45:28 [32m/Users/karn/Desktop/workspace/steelwing/pkg/orchestrator/server.go:214
[0m[33m[0.205ms] [34;1m[rows:1][0m UPDATE `task_states` SET `logs`="[Orchestrator] Spawned cloud sandbox at: /var/folders/y_/kb7r59md1yb480xkhkvvp1xh0000gp/T/kiwi-server-sandbox-4050717635
[Orchestrator] Desired State: Fix division by zero in Divide()
[Orchestrator] Running initial test command: go test ./demo_project/...
[Orchestrator] Reverse tunnel disconnected. Pausing execution... (waiting for client to reconnect)
[Orchestrator] Tests failed. Entering correction loop...
[Sandbox Output]:
--- FAIL: TestDivide (0.00s)
panic: runtime error: integer divide by zero [recovered]
	panic: runtime error: integer divide by zero

goroutine 19 [running]:
testing.tRunner.func1.2({0x1247c0, 0x233790})
	/usr/local/go/src/testing/testing.go:1545 +0x1c4
testing.tRunner.func1()
	/usr/local/go/src/testing/testing.go:1548 +0x360
panic({0x1247c0?, 0x233790?})
	/usr/local/go/src/runtime/panic.go:914 +0x218
github.com/ibreakthecloud/kiwi/demo_project.Divide(...)
	/workspace/demo_project/math_utils.go:5
github.com/ibreakthecloud/kiwi/demo_project.TestDivide(0x0?)
	/workspace/demo_project/math_utils_test.go:16 +0x20
testing.tRunner(0x4000082820, 0x14f2e8)
	/usr/local/go/src/testing/testing.go:1595 +0xe8
created by testing.(*T).Run in goroutine 1
	/usr/local/go/src/testing/testing.go:1648 +0x33c
FAIL	github.com/ibreakthecloud/kiwi/demo_project	0.005s
FAIL


=== Loop Iteration 1 / 5 ===
[Actor] Simulating edit proposal...
[Actor] Applied proposed code edits to target file.
[Sandbox] Re-running build/tests...
" WHERE id = "25d1d385"

2026/07/06 14:45:29 [32m/Users/karn/Desktop/workspace/steelwing/pkg/orchestrator/server.go:214
[0m[33m[0.206ms] [34;1m[rows:1][0m UPDATE `task_states` SET `logs`="[Orchestrator] Spawned cloud sandbox at: /var/folders/y_/kb7r59md1yb480xkhkvvp1xh0000gp/T/kiwi-server-sandbox-4050717635
[Orchestrator] Desired State: Fix division by zero in Divide()
[Orchestrator] Running initial test command: go test ./demo_project/...
[Orchestrator] Reverse tunnel disconnected. Pausing execution... (waiting for client to reconnect)
[Orchestrator] Tests failed. Entering correction loop...
[Sandbox Output]:
--- FAIL: TestDivide (0.00s)
panic: runtime error: integer divide by zero [recovered]
	panic: runtime error: integer divide by zero

goroutine 19 [running]:
testing.tRunner.func1.2({0x1247c0, 0x233790})
	/usr/local/go/src/testing/testing.go:1545 +0x1c4
testing.tRunner.func1()
	/usr/local/go/src/testing/testing.go:1548 +0x360
panic({0x1247c0?, 0x233790?})
	/usr/local/go/src/runtime/panic.go:914 +0x218
github.com/ibreakthecloud/kiwi/demo_project.Divide(...)
	/workspace/demo_project/math_utils.go:5
github.com/ibreakthecloud/kiwi/demo_project.TestDivide(0x0?)
	/workspace/demo_project/math_utils_test.go:16 +0x20
testing.tRunner(0x4000082820, 0x14f2e8)
	/usr/local/go/src/testing/testing.go:1595 +0xe8
created by testing.(*T).Run in goroutine 1
	/usr/local/go/src/testing/testing.go:1648 +0x33c
FAIL	github.com/ibreakthecloud/kiwi/demo_project	0.005s
FAIL


=== Loop Iteration 1 / 5 ===
[Actor] Simulating edit proposal...
[Actor] Applied proposed code edits to target file.
[Sandbox] Re-running build/tests...
" WHERE id = "25d1d385"

2026/07/06 14:45:29 [32m/Users/karn/Desktop/workspace/steelwing/pkg/orchestrator/server.go:265
[0m[33m[0.118ms] [34;1m[rows:1][0m SELECT * FROM `task_states` WHERE id = "25d1d385" ORDER BY `task_states`.`id` LIMIT 1

2026/07/06 14:45:29 [32m/Users/karn/Desktop/workspace/steelwing/pkg/orchestrator/server.go:198
[0m[33m[0.794ms] [34;1m[rows:1][0m UPDATE `task_states` SET `cost`=cost + 0.05 WHERE id = "25d1d385"

2026/07/06 14:45:29 [32m/Users/karn/Desktop/workspace/steelwing/pkg/orchestrator/server.go:240
[0m[33m[0.833ms] [34;1m[rows:1][0m UPDATE `task_states` SET `logs`="[Orchestrator] Spawned cloud sandbox at: /var/folders/y_/kb7r59md1yb480xkhkvvp1xh0000gp/T/kiwi-server-sandbox-4050717635
[Orchestrator] Desired State: Fix division by zero in Divide()
[Orchestrator] Running initial test command: go test ./demo_project/...
[Orchestrator] Reverse tunnel disconnected. Pausing execution... (waiting for client to reconnect)
[Orchestrator] Tests failed. Entering correction loop...
[Sandbox Output]:
--- FAIL: TestDivide (0.00s)
panic: runtime error: integer divide by zero [recovered]
	panic: runtime error: integer divide by zero

goroutine 19 [running]:
testing.tRunner.func1.2({0x1247c0, 0x233790})
	/usr/local/go/src/testing/testing.go:1545 +0x1c4
testing.tRunner.func1()
	/usr/local/go/src/testing/testing.go:1548 +0x360
panic({0x1247c0?, 0x233790?})
	/usr/local/go/src/runtime/panic.go:914 +0x218
github.com/ibreakthecloud/kiwi/demo_project.Divide(...)
	/workspace/demo_project/math_utils.go:5
github.com/ibreakthecloud/kiwi/demo_project.TestDivide(0x0?)
	/workspace/demo_project/math_utils_test.go:16 +0x20
testing.tRunner(0x4000082820, 0x14f2e8)
	/usr/local/go/src/testing/testing.go:1595 +0xe8
created by testing.(*T).Run in goroutine 1
	/usr/local/go/src/testing/testing.go:1648 +0x33c
FAIL	github.com/ibreakthecloud/kiwi/demo_project	0.005s
FAIL


=== Loop Iteration 1 / 5 ===
[Actor] Simulating edit proposal...
[Actor] Applied proposed code edits to target file.
[Sandbox] Re-running build/tests...
[Critic] Success: Tests passed, compiler errors cleared.

[Execution Success]: Task completed successfully.
",`status`="SUCCESS" WHERE id = "25d1d385"

2026/07/06 14:45:29 [32m/Users/karn/Desktop/workspace/steelwing/pkg/orchestrator/server.go:211
[0m[33m[0.109ms] [34;1m[rows:1][0m UPDATE `task_states` SET `logs`="[Orchestrator] Spawned cloud sandbox at: /var/folders/y_/kb7r59md1yb480xkhkvvp1xh0000gp/T/kiwi-server-sandbox-4050717635
[Orchestrator] Desired State: Fix division by zero in Divide()
[Orchestrator] Running initial test command: go test ./demo_project/...
[Orchestrator] Reverse tunnel disconnected. Pausing execution... (waiting for client to reconnect)
[Orchestrator] Tests failed. Entering correction loop...
[Sandbox Output]:
--- FAIL: TestDivide (0.00s)
panic: runtime error: integer divide by zero [recovered]
	panic: runtime error: integer divide by zero

goroutine 19 [running]:
testing.tRunner.func1.2({0x1247c0, 0x233790})
	/usr/local/go/src/testing/testing.go:1545 +0x1c4
testing.tRunner.func1()
	/usr/local/go/src/testing/testing.go:1548 +0x360
panic({0x1247c0?, 0x233790?})
	/usr/local/go/src/runtime/panic.go:914 +0x218
github.com/ibreakthecloud/kiwi/demo_project.Divide(...)
	/workspace/demo_project/math_utils.go:5
github.com/ibreakthecloud/kiwi/demo_project.TestDivide(0x0?)
	/workspace/demo_project/math_utils_test.go:16 +0x20
testing.tRunner(0x4000082820, 0x14f2e8)
	/usr/local/go/src/testing/testing.go:1595 +0xe8
created by testing.(*T).Run in goroutine 1
	/usr/local/go/src/testing/testing.go:1648 +0x33c
FAIL	github.com/ibreakthecloud/kiwi/demo_project	0.005s
FAIL


=== Loop Iteration 1 / 5 ===
[Actor] Simulating edit proposal...
[Actor] Applied proposed code edits to target file.
[Sandbox] Re-running build/tests...
[Critic] Success: Tests passed, compiler errors cleared.

[Execution Success]: Task completed successfully.
" WHERE id = "25d1d385"

2026/07/06 14:45:30 [32m/Users/karn/Desktop/workspace/steelwing/pkg/orchestrator/server.go:265
[0m[33m[0.787ms] [34;1m[rows:1][0m SELECT * FROM `task_states` WHERE id = "25d1d385" ORDER BY `task_states`.`id` LIMIT 1

2026/07/06 14:45:30 [32m/Users/karn/Desktop/workspace/steelwing/pkg/orchestrator/server.go:265
[0m[33m[0.246ms] [34;1m[rows:1][0m SELECT * FROM `task_states` WHERE id = "25d1d385" ORDER BY `task_states`.`id` LIMIT 1
